INFO:     Will watch for changes in these directories: ['D:\\codethon\\APP\\fds']
INFO:     Uvicorn running on http://127.0.0.1:8000 (Press CTRL+C to quit)
INFO:     Started reloader process [27216] using StatReload
INFO:     Started server process [26908]
INFO:     Waiting for application startup.
INFO:     Application startup complete.
Attempting to connect to database...
Connected to MySQL database: fairdispatch
Host: localhost:3306
INFO:     127.0.0.1:53922 - "POST /auth/driver/login HTTP/1.1" 500 Internal Server Error
ERROR:    Exception in ASGI application
Traceback (most recent call last):
  File "C:\Users\ruthr\AppData\Local\Programs\Python\Python314\Lib\site-packages\sqlalchemy\sql\sqltypes.py", line 1709, in _object_value_for_elem
    return self._object_lookup[elem]  # type: ignore[return-value]
           ~~~~~~~~~~~~~~~~~~~^^^^^^
KeyError: 'Normal'

The above exception was the direct cause of the following exception:

Traceback (most recent call last):
  File "C:\Users\ruthr\AppData\Local\Programs\Python\Python314\Lib\site-packages\uvicorn\protocols\http\h11_impl.py", line 410, in run_asgi
    result = await app(  # type: ignore[func-returns-value]
             ^^^^^^^^^^^^^^^^^^^^^^^^^^^^^^^^^^^^^^^^^^^^^^
        self.scope, self.receive, self.send
        ^^^^^^^^^^^^^^^^^^^^^^^^^^^^^^^^^^^
    )
    ^
  File "C:\Users\ruthr\AppData\Local\Programs\Python\Python314\Lib\site-packages\uvicorn\middleware\proxy_headers.py", line 60, in __call__
    return await self.app(scope, receive, send)
           ^^^^^^^^^^^^^^^^^^^^^^^^^^^^^^^^^^^^
  File "C:\Users\ruthr\AppData\Local\Programs\Python\Python314\Lib\site-packages\fastapi\applications.py", line 1135, in __call__
    await super().__call__(scope, receive, send)
  File "C:\Users\ruthr\AppData\Local\Programs\Python\Python314\Lib\site-packages\starlette\applications.py", line 107, in __call__
    await self.middleware_stack(scope, receive, send)
  File "C:\Users\ruthr\AppData\Local\Programs\Python\Python314\Lib\site-packages\starlette\middleware\errors.py", line 186, in __call__
    raise exc
  File "C:\Users\ruthr\AppData\Local\Programs\Python\Python314\Lib\site-packages\starlette\middleware\errors.py", line 164, in __call__
    await self.app(scope, receive, _send)
  File "C:\Users\ruthr\AppData\Local\Programs\Python\Python314\Lib\site-packages\starlette\middleware\cors.py", line 85, in __call__
    await self.app(scope, receive, send)
  File "C:\Users\ruthr\AppData\Local\Programs\Python\Python314\Lib\site-packages\starlette\middleware\exceptions.py", line 63, in __call__
    await wrap_app_handling_exceptions(self.app, conn)(scope, receive, send)
  File "C:\Users\ruthr\AppData\Local\Programs\Python\Python314\Lib\site-packages\starlette\_exception_handler.py", line 53, in wrapped_app
    raise exc
  File "C:\Users\ruthr\AppData\Local\Programs\Python\Python314\Lib\site-packages\starlette\_exception_handler.py", line 42, in wrapped_app
    await app(scope, receive, sender)
  File "C:\Users\ruthr\AppData\Local\Programs\Python\Python314\Lib\site-packages\fastapi\middleware\asyncexitstack.py", line 18, in __call__
    await self.app(scope, receive, send)
  File "C:\Users\ruthr\AppData\Local\Programs\Python\Python314\Lib\site-packages\starlette\routing.py", line 716, in __call__
    await self.middleware_stack(scope, receive, send)
  File "C:\Users\ruthr\AppData\Local\Programs\Python\Python314\Lib\site-packages\starlette\routing.py", line 736, in app
    await route.handle(scope, receive, send)
  File "C:\Users\ruthr\AppData\Local\Programs\Python\Python314\Lib\site-packages\starlette\routing.py", line 290, in handle
    await self.app(scope, receive, send)
  File "C:\Users\ruthr\AppData\Local\Programs\Python\Python314\Lib\site-packages\fastapi\routing.py", line 115, in app
    await wrap_app_handling_exceptions(app, request)(scope, receive, send)
  File "C:\Users\ruthr\AppData\Local\Programs\Python\Python314\Lib\site-packages\starlette\_exception_handler.py", line 53, in wrapped_app
    raise exc
  File "C:\Users\ruthr\AppData\Local\Programs\Python\Python314\Lib\site-packages\starlette\_exception_handler.py", line 42, in wrapped_app
    await app(scope, receive, sender)
  File "C:\Users\ruthr\AppData\Local\Programs\Python\Python314\Lib\site-packages\fastapi\routing.py", line 101, in app
    response = await f(request)
               ^^^^^^^^^^^^^^^^
  File "C:\Users\ruthr\AppData\Local\Programs\Python\Python314\Lib\site-packages\fastapi\routing.py", line 355, in app
    raw_response = await run_endpoint_function(
                   ^^^^^^^^^^^^^^^^^^^^^^^^^^^^
    ...<3 lines>...
    )
    ^
  File "C:\Users\ruthr\AppData\Local\Programs\Python\Python314\Lib\site-packages\fastapi\routing.py", line 245, in run_endpoint_function
    return await run_in_threadpool(dependant.call, **values)
           ^^^^^^^^^^^^^^^^^^^^^^^^^^^^^^^^^^^^^^^^^^^^^^^^^
  File "C:\Users\ruthr\AppData\Local\Programs\Python\Python314\Lib\site-packages\starlette\concurrency.py", line 32, in run_in_threadpool
    return await anyio.to_thread.run_sync(func)
           ^^^^^^^^^^^^^^^^^^^^^^^^^^^^^^^^^^^^
  File "C:\Users\ruthr\AppData\Local\Programs\Python\Python314\Lib\site-packages\anyio\to_thread.py", line 63, in run_sync
    return await get_async_backend().run_sync_in_worker_thread(
           ^^^^^^^^^^^^^^^^^^^^^^^^^^^^^^^^^^^^^^^^^^^^^^^^^^^^
        func, args, abandon_on_cancel=abandon_on_cancel, limiter=limiter
        ^^^^^^^^^^^^^^^^^^^^^^^^^^^^^^^^^^^^^^^^^^^^^^^^^^^^^^^^^^^^^^^^
    )
    ^
  File "C:\Users\ruthr\AppData\Local\Programs\Python\Python314\Lib\site-packages\anyio\_backends\_asyncio.py", line 2502, in run_sync_in_worker_thread
    return await future
           ^^^^^^^^^^^^
  File "C:\Users\ruthr\AppData\Local\Programs\Python\Python314\Lib\site-packages\anyio\_backends\_asyncio.py", line 986, in run
    result = context.run(func, *args)
  File "D:\codethon\APP\fds\backend\app\main.py", line 62, in driver_login
    ).first()
      ~~~~~^^
  File "C:\Users\ruthr\AppData\Local\Programs\Python\Python314\Lib\site-packages\sqlalchemy\orm\query.py", line 2759, in first
    return self.limit(1)._iter().first()  # type: ignore
           ~~~~~~~~~~~~~~~~~~~~~~~~~~~^^
  File "C:\Users\ruthr\AppData\Local\Programs\Python\Python314\Lib\site-packages\sqlalchemy\engine\result.py", line 1803, in first
    return self._only_one_row(
           ~~~~~~~~~~~~~~~~~~^
        raise_for_second_row=False, raise_for_none=False, scalar=False
        ^^^^^^^^^^^^^^^^^^^^^^^^^^^^^^^^^^^^^^^^^^^^^^^^^^^^^^^^^^^^^^
    )
    ^
  File "C:\Users\ruthr\AppData\Local\Programs\Python\Python314\Lib\site-packages\sqlalchemy\engine\result.py", line 769, in _only_one_row
    row: Optional[_InterimRowType[Any]] = onerow(hard_close=True)
                                          ~~~~~~^^^^^^^^^^^^^^^^^
  File "C:\Users\ruthr\AppData\Local\Programs\Python\Python314\Lib\site-packages\sqlalchemy\engine\result.py", line 1690, in _fetchone_impl
    return self._real_result._fetchone_impl(hard_close=hard_close)
           ~~~~~~~~~~~~~~~~~~~~~~~~~~~~~~~~^^^^^^^^^^^^^^^^^^^^^^^
  File "C:\Users\ruthr\AppData\Local\Programs\Python\Python314\Lib\site-packages\sqlalchemy\engine\result.py", line 2276, in _fetchone_impl
    row = next(self.iterator, _NO_ROW)
  File "C:\Users\ruthr\AppData\Local\Programs\Python\Python314\Lib\site-packages\sqlalchemy\orm\loading.py", line 220, in chunks
    fetch = cursor._raw_all_rows()
  File "C:\Users\ruthr\AppData\Local\Programs\Python\Python314\Lib\site-packages\sqlalchemy\engine\result.py", line 553, in _raw_all_rows
    return [make_row(row) for row in rows]
            ~~~~~~~~^^^^^
  File "lib/sqlalchemy/cyextension/resultproxy.pyx", line 22, in sqlalchemy.cyextension.resultproxy.BaseRow.__init__
  File "lib/sqlalchemy/cyextension/resultproxy.pyx", line 79, in sqlalchemy.cyextension.resultproxy._apply_processors
  File "C:\Users\ruthr\AppData\Local\Programs\Python\Python314\Lib\site-packages\sqlalchemy\sql\sqltypes.py", line 1829, in process
    value = self._object_value_for_elem(value)
  File "C:\Users\ruthr\AppData\Local\Programs\Python\Python314\Lib\site-packages\sqlalchemy\dialects\mysql\enumerated.py", line 110, in _object_value_for_elem
    return super()._object_value_for_elem(elem)
           ~~~~~~~~~~~~~~~~~~~~~~~~~~~~~~^^^^^^
  File "C:\Users\ruthr\AppData\Local\Programs\Python\Python314\Lib\site-packages\sqlalchemy\sql\sqltypes.py", line 1711, in _object_value_for_elem
    raise LookupError(
    ...<7 lines>...
    ) from err
LookupError: 'Normal' is not among the defined enum values. Enum name: healthstatus. Possible values: NORMAL, CAUTION, RESTRICTED
INFO:     127.0.0.1:65351 - "POST /auth/driver/login HTTP/1.1" 200 OK
WARNING:  StatReload detected changes in 'backend\app\main.py'. Reloading...
